<?xml version="1.0" encoding="UTF-8"?>
<testsuites name="Mocha Tests" time="13.5130" tests="1" failures="0">
  <testsuite name="Root Suite" timestamp="2022-02-18T09:20:42" tests="0" file="cypress/integration/2-DatenblattService/1-DBS_Product_Search.spec.js" time="0.0000" failures="0">
  </testsuite>
  <testsuite name="DBS Product Search" timestamp="2022-02-18T09:20:42" tests="1" time="13.5130" failures="0">
    <testcase name="DBS Product Search Product search" time="13.5130" classname="Product search">
    </testcase>
  </testsuite>
</testsuites>