<?xml version="1.0" encoding="UTF-8"?>
<testsuites name="Mocha Tests" time="40.6550" tests="1" failures="0">
  <testsuite name="Root Suite" timestamp="2022-02-18T10:28:57" tests="0" file="cypress/integration/2-DatenblattService/2-DBS_Edit_Rechnung_checkout.spec.js" time="0.0000" failures="0">
  </testsuite>
  <testsuite name="DBS Edit Environment" timestamp="2022-02-18T10:28:57" tests="1" time="40.6550" failures="0">
    <testcase name="DBS Edit Environment Rechnung Checkout clickpath" time="40.6550" classname="Rechnung Checkout clickpath">
    </testcase>
  </testsuite>
</testsuites>