<?xml version="1.0" encoding="UTF-8"?>
<testsuites name="Mocha Tests" time="65.8510" tests="1" failures="0">
  <testsuite name="Root Suite" timestamp="2022-02-18T10:35:59" tests="0" file="cypress/integration/2-DatenblattService/9-DBS_Live_Rechnung_checkout_With_Attachment.spec.js" time="0.0000" failures="0">
  </testsuite>
  <testsuite name="DBS Live Environment" timestamp="2022-02-18T10:35:59" tests="1" time="65.8510" failures="0">
    <testcase name="DBS Live Environment Rechnung Checkout clickpath" time="65.8510" classname="Rechnung Checkout clickpath">
    </testcase>
  </testsuite>
</testsuites>