<?xml version="1.0" encoding="UTF-8"?>
<testsuites name="Mocha Tests" time="9.8760" tests="1" failures="0">
  <testsuite name="Root Suite" timestamp="2022-02-22T13:42:36" tests="0" file="cypress/integration/1-Global Intershop/1-Storefront_available.spec.js" time="0.0000" failures="0">
  </testsuite>
  <testsuite name="Check all storefront status" timestamp="2022-02-22T13:42:36" tests="1" time="9.8760" failures="0">
    <testcase name="Check all storefront status Gothrough all intershop shops" time="9.8760" classname="Gothrough all intershop shops">
    </testcase>
  </testsuite>
</testsuites>