<?xml version="1.0" encoding="UTF-8"?>
<testsuites name="Mocha Tests" time="48.6610" tests="1" failures="0">
  <testsuite name="Root Suite" timestamp="2022-02-18T15:12:34" tests="0" file="cypress/integration/3-Akademie/1-AKD_Edit_Rechnung_checkout.spec.js" time="0.0000" failures="0">
  </testsuite>
  <testsuite name="Akademie Edit Environment" timestamp="2022-02-18T15:12:34" tests="1" time="48.6610" failures="0">
    <testcase name="Akademie Edit Environment Rechnung Checkout clickpath" time="48.6610" classname="Rechnung Checkout clickpath">
    </testcase>
  </testsuite>
</testsuites>