<?xml version="1.0" encoding="UTF-8"?>
<testsuites name="Mocha Tests" time="0.0000" tests="1" failures="1">
  <testsuite name="Root Suite" timestamp="2022-02-25T11:42:20" tests="0" file="cypress/integration/4-IndustryService/3-IS_Edit_Checkout_East_with_transport_costs.spec.js" time="0.0000" failures="0">
  </testsuite>
  <testsuite name="Industry Service Edit Environment" timestamp="2022-02-25T11:42:20" tests="1" time="0.0000" failures="1">
    <testcase name="Industry Service Edit Environment Checkout with transportation costs" time="0.0000" classname="Checkout with transportation costs">
      <failure message="Timed out retrying after 4000ms: Expected to find element: `[id=&quot;onetrust-accept-btn-handler&quot;]`, but never found it." type="AssertionError"><![CDATA[AssertionError: Timed out retrying after 4000ms: Expected to find element: `[id="onetrust-accept-btn-handler"]`, but never found it.
    at Context.eval (https://pre-edit-ish22-tuevs.fse.intershop.de/__cypress/tests?p=cypress\integration\4-IndustryService\3-IS_Edit_Checkout_East_with_transport_costs.spec.js:104:8)]]></failure>
    </testcase>
  </testsuite>
</testsuites>