<?xml version="1.0" encoding="UTF-8"?>
<testsuites name="Mocha Tests" time="13.0650" tests="1" failures="0">
  <testsuite name="Root Suite" timestamp="2022-02-18T15:15:12" tests="0" file="cypress/integration/3-Akademie/3-AKD_Product_Search.spec.js" time="0.0000" failures="0">
  </testsuite>
  <testsuite name="Akademie Product Search" timestamp="2022-02-18T15:15:12" tests="1" time="13.0650" failures="0">
    <testcase name="Akademie Product Search Product search" time="13.0650" classname="Product search">
    </testcase>
  </testsuite>
</testsuites>