<?xml version="1.0" encoding="UTF-8"?>
<testsuites name="Mocha Tests" time="34.6370" tests="1" failures="0">
  <testsuite name="Root Suite" timestamp="2022-02-18T10:32:25" tests="0" file="cypress/integration/2-DatenblattService/6-DBS_Edit_CreditCartzahlung_checkout.spec.js" time="0.0000" failures="0">
  </testsuite>
  <testsuite name="DBS Edit Environment" timestamp="2022-02-18T10:32:25" tests="1" time="34.6370" failures="0">
    <testcase name="DBS Edit Environment Rechnung Checkout clickpath" time="34.6370" classname="Rechnung Checkout clickpath">
    </testcase>
  </testsuite>
</testsuites>