<?xml version="1.0" encoding="UTF-8"?>
<testsuites name="Mocha Tests" time="0.0000" tests="1" failures="0" skipped="1">
  <testsuite name="Root Suite" timestamp="2022-02-25T13:11:00" tests="0" file="cypress/integration/3-Akademie/5-AKD_Live_Register_Newuser_Rechnung_checkout.spec.js" time="0.0000" failures="0">
  </testsuite>
  <testsuite name="Akademie Live Environment" timestamp="2022-02-25T13:11:00" tests="1" time="0.0000" failures="0">
  </testsuite>
</testsuites>