<?xml version="1.0" encoding="UTF-8"?>
<testsuites name="Mocha Tests" time="69.7310" tests="1" failures="0">
  <testsuite name="Root Suite" timestamp="2022-02-25T11:33:19" tests="0" file="cypress/integration/3-Akademie/6-AKD_Edit_Signin_User_Rechnung_checkout.spec.js" time="0.0000" failures="0">
  </testsuite>
  <testsuite name="Akademie Edit Environment" timestamp="2022-02-25T11:33:19" tests="1" time="69.7310" failures="0">
    <testcase name="Akademie Edit Environment Signin user checkout clickpath" time="69.7310" classname="Signin user checkout clickpath">
    </testcase>
  </testsuite>
</testsuites>