<?xml version="1.0" encoding="UTF-8"?>
<testsuites name="Mocha Tests" time="0.0000" tests="1" failures="1">
  <testsuite name="Root Suite" timestamp="2022-02-25T11:31:03" tests="0" file="cypress/integration/3-Akademie/4-AKD_Edit_Register_Newuser_Rechnung_checkout.spec.js" time="0.0000" failures="0">
  </testsuite>
  <testsuite name="Akademie Edit Environment" timestamp="2022-02-25T11:31:03" tests="1" time="0.0000" failures="1">
    <testcase name="Akademie Edit Environment Register new user checkout clickpath" time="0.0000" classname="Register new user checkout clickpath">
      <failure message="Timed out retrying after 4050ms: `cy.click()` could not be issued because this element is currently animating:

`&lt;a class=&quot;product-title product-event-title&quot; href=&quot;https://int-edit-ish22-tuevs.fse.intershop.de/INTERSHOP/web/WFS/Akademie-DE-Site/de_DE/-/EUR/ViewProduct-Start?SKU=1711001-2022&amp;amp;CategoryName=datenschutz&amp;amp;CatalogID=onlinetrainings&quot; tabindex=&quot;0&quot;&gt;...&lt;/a&gt;`

You can fix this problem by:
  - Passing `{force: true}` which disables all error checking
  - Passing `{waitForAnimations: false}` which disables waiting on animations
  - Passing `{animationDistanceThreshold: 20}` which decreases the sensitivity

https://on.cypress.io/element-is-animating" type="CypressError"><![CDATA[CypressError: Timed out retrying after 4050ms: `cy.click()` could not be issued because this element is currently animating:

`<a class="product-title product-event-title" href="https://int-edit-ish22-tuevs.fse.intershop.de/INTERSHOP/web/WFS/Akademie-DE-Site/de_DE/-/EUR/ViewProduct-Start?SKU=1711001-2022&amp;CategoryName=datenschutz&amp;CatalogID=onlinetrainings" tabindex="0">...</a>`

You can fix this problem by:
  - Passing `{force: true}` which disables all error checking
  - Passing `{waitForAnimations: false}` which disables waiting on animations
  - Passing `{animationDistanceThreshold: 20}` which decreases the sensitivity

https://on.cypress.io/element-is-animating
    at $Cy.ensureElementIsNotAnimating (https://int-edit-ish22-tuevs.fse.intershop.de/__cypress/runner/cypress_runner.js:163773:76)
    at ensureNotAnimating (https://int-edit-ish22-tuevs.fse.intershop.de/__cypress/runner/cypress_runner.js:150406:6)
    at runAllChecks (https://int-edit-ish22-tuevs.fse.intershop.de/__cypress/runner/cypress_runner.js:150530:9)
    at retryActionability (https://int-edit-ish22-tuevs.fse.intershop.de/__cypress/runner/cypress_runner.js:150562:16)
    at tryCatcher (https://int-edit-ish22-tuevs.fse.intershop.de/__cypress/runner/cypress_runner.js:13022:23)
    at Function.Promise.attempt.Promise.try (https://int-edit-ish22-tuevs.fse.intershop.de/__cypress/runner/cypress_runner.js:10296:29)
    at whenStable (https://int-edit-ish22-tuevs.fse.intershop.de/__cypress/runner/cypress_runner.js:168719:63)
    at https://int-edit-ish22-tuevs.fse.intershop.de/__cypress/runner/cypress_runner.js:168216:14
    at tryCatcher (https://int-edit-ish22-tuevs.fse.intershop.de/__cypress/runner/cypress_runner.js:13022:23)
    at Promise._settlePromiseFromHandler (https://int-edit-ish22-tuevs.fse.intershop.de/__cypress/runner/cypress_runner.js:10957:31)
    at Promise._settlePromise (https://int-edit-ish22-tuevs.fse.intershop.de/__cypress/runner/cypress_runner.js:11014:18)
    at Promise._settlePromise0 (https://int-edit-ish22-tuevs.fse.intershop.de/__cypress/runner/cypress_runner.js:11059:10)
    at Promise._settlePromises (https://int-edit-ish22-tuevs.fse.intershop.de/__cypress/runner/cypress_runner.js:11139:18)
    at Promise._fulfill (https://int-edit-ish22-tuevs.fse.intershop.de/__cypress/runner/cypress_runner.js:11083:18)
    at https://int-edit-ish22-tuevs.fse.intershop.de/__cypress/runner/cypress_runner.js:12697:46
From Your Spec Code:
    at Context.eval (https://int-edit-ish22-tuevs.fse.intershop.de/__cypress/tests?p=cypress\integration\3-Akademie\4-AKD_Edit_Register_Newuser_Rechnung_checkout.spec.js:134:102)]]></failure>
    </testcase>
  </testsuite>
</testsuites>