<?xml version="1.0" encoding="UTF-8"?>
<testsuites name="Mocha Tests" time="11.9370" tests="1" failures="0">
  <testsuite name="Root Suite" timestamp="2022-02-18T10:28:35" tests="0" file="cypress/integration/2-DatenblattService/1-DBS_Product_Search.spec.js" time="0.0000" failures="0">
  </testsuite>
  <testsuite name="DBS Product Search" timestamp="2022-02-18T10:28:35" tests="1" time="11.9370" failures="0">
    <testcase name="DBS Product Search Product search" time="11.9370" classname="Product search">
    </testcase>
  </testsuite>
</testsuites>