<?xml version="1.0" encoding="UTF-8"?>
<testsuites name="Mocha Tests" time="0.0000" tests="1" failures="1">
  <testsuite name="Root Suite" timestamp="2022-02-25T11:29:50" tests="0" file="cypress/integration/3-Akademie/2-AKD_Live_Rechnung_checkout.spec.js" time="0.0000" failures="0">
  </testsuite>
  <testsuite name="Akademie Live Environment" timestamp="2022-02-25T11:29:50" tests="1" time="0.0000" failures="1">
    <testcase name="Akademie Live Environment Rechnung Checkout clickpath" time="0.0000" classname="Rechnung Checkout clickpath">
      <failure message="Timed out retrying after 4000ms: Expected to find element: `[id=&quot;onetrust-accept-btn-handler&quot;]`, but never found it." type="AssertionError"><![CDATA[AssertionError: Timed out retrying after 4000ms: Expected to find element: `[id="onetrust-accept-btn-handler"]`, but never found it.
    at Context.eval (https://int-live-ish22-tuevs.fse.intershop.de/__cypress/tests?p=cypress\integration\3-Akademie\2-AKD_Live_Rechnung_checkout.spec.js:113:8)]]></failure>
    </testcase>
  </testsuite>
</testsuites>