<?xml version="1.0" encoding="UTF-8"?>
<testsuites name="Mocha Tests" time="0.0000" tests="1" failures="0" skipped="1">
  <testsuite name="Root Suite" timestamp="2022-02-25T13:06:37" tests="0" file="cypress/integration/2-DatenblattService/9-DBS_Live_Rechnung_checkout_With_Attachment.spec.js" time="0.0000" failures="0">
  </testsuite>
  <testsuite name="DBS Live Environment" timestamp="2022-02-25T13:06:37" tests="1" time="0.0000" failures="0">
  </testsuite>
</testsuites>