<?xml version="1.0" encoding="UTF-8"?>
<testsuites name="Mocha Tests" time="64.7210" tests="1" failures="0">
  <testsuite name="Root Suite" timestamp="2022-02-25T11:38:52" tests="0" file="cypress/integration/3-Akademie/9-AKD_Live_Unternehmen_Rechnung_checkout.spec.js" time="0.0000" failures="0">
  </testsuite>
  <testsuite name="Akademie Live Environment" timestamp="2022-02-25T11:38:52" tests="1" time="64.7210" failures="0">
    <testcase name="Akademie Live Environment Rechnung Checkout clickpath" time="64.7210" classname="Rechnung Checkout clickpath">
    </testcase>
  </testsuite>
</testsuites>