<?xml version="1.0" encoding="UTF-8"?>
<testsuites name="Mocha Tests" time="55.3660" tests="1" failures="0">
  <testsuite name="Root Suite" timestamp="2022-02-25T12:42:55" tests="0" file="cypress/integration/2-DatenblattService/8-DBS_Edit_Rechnung_checkout_With_Attachment.spec.js" time="0.0000" failures="0">
  </testsuite>
  <testsuite name="DBS Edit Environment" timestamp="2022-02-25T12:42:55" tests="1" time="55.3660" failures="0">
    <testcase name="DBS Edit Environment Rechnung Checkout clickpath" time="55.3660" classname="Rechnung Checkout clickpath">
    </testcase>
  </testsuite>
</testsuites>