<?xml version="1.0" encoding="UTF-8"?>
<testsuites name="Mocha Tests" time="61.9510" tests="1" failures="0">
  <testsuite name="Root Suite" timestamp="2022-02-25T11:21:42" tests="0" file="cypress/integration/2-DatenblattService/4-DBS_Edit_SofortUberweisung_checkout.spec.js" time="0.0000" failures="0">
  </testsuite>
  <testsuite name="DBS Edit Environment" timestamp="2022-02-25T11:21:42" tests="1" time="61.9510" failures="0">
    <testcase name="DBS Edit Environment Rechnung Checkout clickpath" time="61.9510" classname="Rechnung Checkout clickpath">
    </testcase>
  </testsuite>
</testsuites>