<?xml version="1.0" encoding="UTF-8"?>
<testsuites name="Mocha Tests" time="6.7880" tests="1" failures="0">
  <testsuite name="Root Suite" timestamp="2022-02-18T10:28:20" tests="0" file="cypress/integration/1-Global Intershop/1-Storefront_available.spec.js" time="0.0000" failures="0">
  </testsuite>
  <testsuite name="Check all storefront status" timestamp="2022-02-18T10:28:20" tests="1" time="6.7880" failures="0">
    <testcase name="Check all storefront status Gothrough all intershop shops" time="6.7880" classname="Gothrough all intershop shops">
    </testcase>
  </testsuite>
</testsuites>