<?xml version="1.0" encoding="UTF-8"?>
<testsuites name="Mocha Tests" time="49.3370" tests="1" failures="0">
  <testsuite name="Root Suite" timestamp="2022-02-18T09:28:30" tests="0" file="cypress/integration/2-DatenblattService/9-DBS_Live_Rechnung_checkout_With_Attachment.spec.js" time="0.0000" failures="0">
  </testsuite>
  <testsuite name="DBS Live Environment" timestamp="2022-02-18T09:28:30" tests="1" time="49.3370" failures="0">
    <testcase name="DBS Live Environment Rechnung Checkout clickpath" time="49.3370" classname="Rechnung Checkout clickpath">
    </testcase>
  </testsuite>
</testsuites>