<?xml version="1.0" encoding="UTF-8"?>
<testsuites name="Mocha Tests" time="0.0000" tests="1" failures="0" skipped="1">
  <testsuite name="Root Suite" timestamp="2022-02-25T12:36:57" tests="0" file="cypress/integration/2-DatenblattService/3-DBS_Live_Rechnung_checkout.spec.js" time="0.0000" failures="0">
  </testsuite>
  <testsuite name="DBS Live Environment" timestamp="2022-02-25T12:36:57" tests="1" time="0.0000" failures="0">
  </testsuite>
</testsuites>