<?xml version="1.0" encoding="UTF-8"?>
<testsuites name="Mocha Tests" time="10.0680" tests="1" failures="0">
  <testsuite name="Root Suite" timestamp="2022-02-18T09:36:40" tests="0" file="cypress/integration/4-IndustryService/1-IS_Edit_Rechnung_checkout.spec.js" time="0.0000" failures="0">
  </testsuite>
  <testsuite name="Industry Service Edit Environment" timestamp="2022-02-18T09:36:40" tests="1" time="10.0680" failures="0">
    <testcase name="Industry Service Edit Environment Rechnung Checkout clickpath" time="10.0680" classname="Rechnung Checkout clickpath">
    </testcase>
  </testsuite>
</testsuites>