<?xml version="1.0" encoding="UTF-8"?>
<testsuites name="Mocha Tests" time="62.4420" tests="1" failures="0">
  <testsuite name="Root Suite" timestamp="2022-02-18T10:29:50" tests="0" file="cypress/integration/2-DatenblattService/3-DBS_Live_Rechnung_checkout.spec.js" time="0.0000" failures="0">
  </testsuite>
  <testsuite name="DBS Live Environment" timestamp="2022-02-18T10:29:50" tests="1" time="62.4420" failures="0">
    <testcase name="DBS Live Environment Rechnung Checkout clickpath" time="62.4420" classname="Rechnung Checkout clickpath">
    </testcase>
  </testsuite>
</testsuites>