<?xml version="1.0" encoding="UTF-8"?>
<testsuites name="Mocha Tests" time="52.9690" tests="1" failures="0">
  <testsuite name="Root Suite" timestamp="2022-02-25T11:19:05" tests="0" file="cypress/integration/2-DatenblattService/2-DBS_Edit_Rechnung_checkout.spec.js" time="0.0000" failures="0">
  </testsuite>
  <testsuite name="DBS Edit Environment" timestamp="2022-02-25T11:19:05" tests="1" time="52.9690" failures="0">
    <testcase name="DBS Edit Environment Rechnung Checkout clickpath" time="52.9690" classname="Rechnung Checkout clickpath">
    </testcase>
  </testsuite>
</testsuites>