<?xml version="1.0" encoding="UTF-8"?>
<testsuites name="Mocha Tests" time="46.0330" tests="1" failures="0">
  <testsuite name="Root Suite" timestamp="2022-02-18T09:27:30" tests="0" file="cypress/integration/2-DatenblattService/8-DBS_Edit_Rechnung_checkout_With_Attachment.spec.js" time="0.0000" failures="0">
  </testsuite>
  <testsuite name="DBS Edit Environment" timestamp="2022-02-18T09:27:30" tests="1" time="46.0330" failures="0">
    <testcase name="DBS Edit Environment Rechnung Checkout clickpath" time="46.0330" classname="Rechnung Checkout clickpath">
    </testcase>
  </testsuite>
</testsuites>